<?xml version="1.0" encoding="UTF-8"?>
<!-- Generated by org.testng.reporters.JUnitReportReporter -->
<testsuite hostname="DESKTOP-JACOFGL" failures="0" tests="49" name="com.optimus.OptimusMavenProject.TakeAway" time="1483.147" errors="1" timestamp="2024-04-23T14:06:05 IST" skipped="0">
  <testcase classname="com.optimus.OptimusMavenProject.TakeAway" name="loginwithValidUser" time="22.492"/>
  <testcase classname="com.optimus.OptimusMavenProject.TakeAway" name="TakeAwaySaveOrder" time="32.715"/>
  <testcase classname="com.optimus.OptimusMavenProject.TakeAway" name="TakeAwayRecallOrder" time="13.742"/>
  <testcase classname="com.optimus.OptimusMavenProject.TakeAway" name="TakeAwaycheckWithIncreaseQTY" time="15.880"/>
  <testcase classname="com.optimus.OptimusMavenProject.TakeAway" name="TakeAwaycheckWithDecreaseQTY" time="24.183"/>
  <testcase classname="com.optimus.OptimusMavenProject.TakeAway" name="TakeAwayRemoveItem" time="17.900"/>
  <testcase classname="com.optimus.OptimusMavenProject.TakeAway" name="TakeAwayRecallOrderAndSettlewithQuickPay" time="11.520"/>
  <testcase classname="com.optimus.OptimusMavenProject.TakeAway" name="TakeAwayAddMultiplerItemandSaveIt" time="24.527"/>
  <testcase classname="com.optimus.OptimusMavenProject.TakeAway" name="TakeAwayRecallOrderandAddSameItem" time="22.210"/>
  <testcase classname="com.optimus.OptimusMavenProject.TakeAway" name="TakeAwaySettleOrder" time="20.688"/>
  <testcase classname="com.optimus.OptimusMavenProject.TakeAway" name="TakeAwaySettleOrderwithBank" time="22.498"/>
  <testcase classname="com.optimus.OptimusMavenProject.TakeAway" name="TakeAwaySettleOrderWithCredit" time="19.943"/>
  <testcase classname="com.optimus.OptimusMavenProject.TakeAway" name="TakeAwayCreditwithInsufficientBalance" time="33.603"/>
  <testcase classname="com.optimus.OptimusMavenProject.TakeAway" name="TakeAwaysettleOrderwithCreditUpdateGuestInfo" time="29.641"/>
  <testcase classname="com.optimus.OptimusMavenProject.TakeAway" name="TakeAwaysettleOrderwithRoomPost" time="29.455"/>
  <testcase classname="com.optimus.OptimusMavenProject.TakeAway" name="TakeAwayCashwithSurcharge" time="36.601"/>
  <testcase classname="com.optimus.OptimusMavenProject.TakeAway" name="TakeAwayBankwithSurcharge" time="27.390"/>
  <testcase classname="com.optimus.OptimusMavenProject.TakeAway" name="TakeAwaysettleOrderPartially" time="49.737"/>
  <testcase classname="com.optimus.OptimusMavenProject.TakeAway" name="TakeAwaySettlewithOtherCurrency" time="36.699"/>
  <testcase classname="com.optimus.OptimusMavenProject.TakeAway" name="TakeAwaySettleOrderWithMultipleCurrency" time="58.845"/>
  <testcase classname="com.optimus.OptimusMavenProject.TakeAway" name="TakeAwayTakeAwaydeletePayment" time="51.381"/>
  <testcase classname="com.optimus.OptimusMavenProject.TakeAway" name="TakeAwayAddExtraCharge" time="20.737"/>
  <testcase classname="com.optimus.OptimusMavenProject.TakeAway" name="TakeAwayAddMultipleExtraCharge" time="20.161"/>
  <testcase classname="com.optimus.OptimusMavenProject.TakeAway" name="TakeAwayRemoveExtraCharge" time="22.221"/>
  <testcase classname="com.optimus.OptimusMavenProject.TakeAway" name="TakeAwayRemoveMultipleExtraCharge" time="28.566"/>
  <testcase classname="com.optimus.OptimusMavenProject.TakeAway" name="TakeAwayAddExtraChargeAndSettleorder" time="25.089"/>
  <testcase classname="com.optimus.OptimusMavenProject.TakeAway" name="TakeAwaySettleOrderWithMultipleExtraCharge" time="27.461"/>
  <testcase classname="com.optimus.OptimusMavenProject.TakeAway" name="TakeAwaySettleCheckValidationOnExtraCharge" time="13.662"/>
  <testcase classname="com.optimus.OptimusMavenProject.TakeAway" name="TakeAwayAddOrderDiscount" time="20.926"/>
  <testcase classname="com.optimus.OptimusMavenProject.TakeAway" name="TakeAwayAddItemDiscount" time="20.126"/>
  <testcase classname="com.optimus.OptimusMavenProject.TakeAway" name="TakeAwayOrdersettleThroughQuickPay" time="11.488"/>
  <testcase classname="com.optimus.OptimusMavenProject.TakeAway" name="TakeAwayaddBothOrderandItemDiscount" time="43.073"/>
  <testcase classname="com.optimus.OptimusMavenProject.TakeAway" name="TakeAwayaddMultipleOrderDiscount" time="30.937"/>
  <testcase classname="com.optimus.OptimusMavenProject.TakeAway" name="TakeAwayaddMultipleItemDiscount" time="28.742"/>
  <testcase classname="com.optimus.OptimusMavenProject.TakeAway" name="TakeAwayRemoveOrderDiscount" time="20.099"/>
  <testcase classname="com.optimus.OptimusMavenProject.TakeAway" name="TakeAwayRemoveItemDiscount" time="20.076"/>
  <testcase classname="com.optimus.OptimusMavenProject.TakeAway" name="TakeAwayAddRemovedOrderDiscount" time="15.824"/>
  <testcase classname="com.optimus.OptimusMavenProject.TakeAway" name="TakeAwayAddRemovedItemDiscount" time="20.031"/>
  <testcase classname="com.optimus.OptimusMavenProject.TakeAway" name="TakeAwayaddOpenOrderDiscount" time="23.634">
    <error message="element click intercepted: Element &lt;p&gt;...&lt;/p&gt; is not clickable at point (874, 633). Other element would receive the click: &lt;ion-backdrop disable-activated=&quot;&quot; role=&quot;presentation&quot; tappable=&quot;&quot; class=&quot;backdrop-no-tappable&quot; style=&quot;opacity: 0.4;&quot;&gt;&lt;/ion-backdrop&gt;
  (Session info: chrome=123.0.6312.124)
Build info: version: &#039;4.12.1&#039;, revision: &#039;8e34639b11&#039;
System info: os.name: &#039;Windows 10&#039;, os.arch: &#039;amd64&#039;, os.version: &#039;10.0&#039;, java.version: &#039;17.0.10&#039;
Driver info: org.openqa.selenium.chrome.ChromeDriver
Command: [57d0853aac77d1a64eaa959b34cf3819, clickElement {id=f.3673D758B0AFB5712C597B41D8B9CD3A.d.37C27A3AE61BFBED31BE3C50ADBE7267.e.3330}]
Capabilities {acceptInsecureCerts: false, browserName: chrome, browserVersion: 123.0.6312.124, chrome: {chromedriverVersion: 123.0.6312.122 (31f8248cdd9..., userDataDir: C:\Users\MAKBUL~1\AppData\L...}, fedcm:accounts: true, goog:chromeOptions: {debuggerAddress: localhost:54660}, networkConnectionEnabled: false, pageLoadStrategy: normal, platformName: windows, proxy: Proxy(), se:cdp: ws://localhost:54660/devtoo..., se:cdpVersion: 123.0.6312.124, setWindowRect: true, strictFileInteractability: false, timeouts: {implicit: 0, pageLoad: 300000, script: 30000}, unhandledPromptBehavior: dismiss and notify, webauthn:extension:credBlob: true, webauthn:extension:largeBlob: true, webauthn:extension:minPinLength: true, webauthn:extension:prf: true, webauthn:virtualAuthenticators: true}
Element: [[ChromeDriver: chrome on windows (57d0853aac77d1a64eaa959b34cf3819)] -&gt; xpath: //p[contains(text(),&#039;Save&#039;)]]
Session ID: 57d0853aac77d1a64eaa959b34cf3819" type="org.openqa.selenium.ElementClickInterceptedException">
      <![CDATA[org.openqa.selenium.ElementClickInterceptedException: element click intercepted: Element <p>...</p> is not clickable at point (874, 633). Other element would receive the click: <ion-backdrop disable-activated="" role="presentation" tappable="" class="backdrop-no-tappable" style="opacity: 0.4;"></ion-backdrop>
  (Session info: chrome=123.0.6312.124)
Build info: version: '4.12.1', revision: '8e34639b11'
System info: os.name: 'Windows 10', os.arch: 'amd64', os.version: '10.0', java.version: '17.0.10'
Driver info: org.openqa.selenium.chrome.ChromeDriver
Command: [57d0853aac77d1a64eaa959b34cf3819, clickElement {id=f.3673D758B0AFB5712C597B41D8B9CD3A.d.37C27A3AE61BFBED31BE3C50ADBE7267.e.3330}]
Capabilities {acceptInsecureCerts: false, browserName: chrome, browserVersion: 123.0.6312.124, chrome: {chromedriverVersion: 123.0.6312.122 (31f8248cdd9..., userDataDir: C:\Users\MAKBUL~1\AppData\L...}, fedcm:accounts: true, goog:chromeOptions: {debuggerAddress: localhost:54660}, networkConnectionEnabled: false, pageLoadStrategy: normal, platformName: windows, proxy: Proxy(), se:cdp: ws://localhost:54660/devtoo..., se:cdpVersion: 123.0.6312.124, setWindowRect: true, strictFileInteractability: false, timeouts: {implicit: 0, pageLoad: 300000, script: 30000}, unhandledPromptBehavior: dismiss and notify, webauthn:extension:credBlob: true, webauthn:extension:largeBlob: true, webauthn:extension:minPinLength: true, webauthn:extension:prf: true, webauthn:virtualAuthenticators: true}
Element: [[ChromeDriver: chrome on windows (57d0853aac77d1a64eaa959b34cf3819)] -> xpath: //p[contains(text(),'Save')]]
Session ID: 57d0853aac77d1a64eaa959b34cf3819
at java.base/jdk.internal.reflect.NativeConstructorAccessorImpl.newInstance0(Native Method)
at java.base/jdk.internal.reflect.NativeConstructorAccessorImpl.newInstance(NativeConstructorAccessorImpl.java:77)
at java.base/jdk.internal.reflect.DelegatingConstructorAccessorImpl.newInstance(DelegatingConstructorAccessorImpl.java:45)
at java.base/java.lang.reflect.Constructor.newInstanceWithCaller(Constructor.java:499)
at java.base/java.lang.reflect.Constructor.newInstance(Constructor.java:480)
at org.openqa.selenium.remote.codec.w3c.W3CHttpResponseCodec.createException(W3CHttpResponseCodec.java:200)
at org.openqa.selenium.remote.codec.w3c.W3CHttpResponseCodec.decode(W3CHttpResponseCodec.java:133)
at org.openqa.selenium.remote.codec.w3c.W3CHttpResponseCodec.decode(W3CHttpResponseCodec.java:52)
at org.openqa.selenium.remote.HttpCommandExecutor.execute(HttpCommandExecutor.java:191)
at org.openqa.selenium.remote.service.DriverCommandExecutor.invokeExecute(DriverCommandExecutor.java:196)
at org.openqa.selenium.remote.service.DriverCommandExecutor.execute(DriverCommandExecutor.java:171)
at org.openqa.selenium.remote.RemoteWebDriver.execute(RemoteWebDriver.java:602)
at org.openqa.selenium.remote.RemoteWebElement.execute(RemoteWebElement.java:224)
at org.openqa.selenium.remote.RemoteWebElement.click(RemoteWebElement.java:77)
at com.optimus.OptimusMavenProject.TakeAwayXpath.uTakeAwayclickOnSave(TakeAwayXpath.java:125)
at com.optimus.OptimusMavenProject.TakeAway.TakeAwayaddOpenOrderDiscount(TakeAway.java:1515)
at java.base/jdk.internal.reflect.NativeMethodAccessorImpl.invoke0(Native Method)
at java.base/jdk.internal.reflect.NativeMethodAccessorImpl.invoke(NativeMethodAccessorImpl.java:77)
at java.base/jdk.internal.reflect.DelegatingMethodAccessorImpl.invoke(DelegatingMethodAccessorImpl.java:43)
at java.base/java.lang.reflect.Method.invoke(Method.java:568)
at org.testng.internal.invokers.MethodInvocationHelper.invokeMethod(MethodInvocationHelper.java:139)
at org.testng.internal.invokers.TestInvoker.invokeMethod(TestInvoker.java:664)
at org.testng.internal.invokers.TestInvoker.invokeTestMethod(TestInvoker.java:228)
at org.testng.internal.invokers.MethodRunner.runInSequence(MethodRunner.java:63)
at org.testng.internal.invokers.TestInvoker$MethodInvocationAgent.invoke(TestInvoker.java:961)
at org.testng.internal.invokers.TestInvoker.invokeTestMethods(TestInvoker.java:201)
at org.testng.internal.invokers.TestMethodWorker.invokeTestMethods(TestMethodWorker.java:148)
at org.testng.internal.invokers.TestMethodWorker.run(TestMethodWorker.java:128)
at java.base/java.util.ArrayList.forEach(ArrayList.java:1511)
at org.testng.TestRunner.privateRun(TestRunner.java:819)
at org.testng.TestRunner.run(TestRunner.java:619)
at org.testng.SuiteRunner.runTest(SuiteRunner.java:443)
at org.testng.SuiteRunner.runSequentially(SuiteRunner.java:437)
at org.testng.SuiteRunner.privateRun(SuiteRunner.java:397)
at org.testng.SuiteRunner.run(SuiteRunner.java:336)
at org.testng.SuiteRunnerWorker.runSuite(SuiteRunnerWorker.java:52)
at org.testng.SuiteRunnerWorker.run(SuiteRunnerWorker.java:95)
at org.testng.TestNG.runSuitesSequentially(TestNG.java:1301)
at org.testng.TestNG.runSuitesLocally(TestNG.java:1228)
at org.testng.TestNG.runSuites(TestNG.java:1134)
at org.testng.TestNG.run(TestNG.java:1101)
at org.testng.remote.AbstractRemoteTestNG.run(AbstractRemoteTestNG.java:115)
at org.testng.remote.RemoteTestNG.initAndRun(RemoteTestNG.java:251)
at org.testng.remote.RemoteTestNG.main(RemoteTestNG.java:77)
]]>
    </error>
  </testcase> <!-- TakeAwayaddOpenOrderDiscount -->
  <testcase classname="com.optimus.OptimusMavenProject.TakeAway" name="TakeAwayaddOpenItemDiscount" time="205.481"/>
  <testcase classname="com.optimus.OptimusMavenProject.TakeAway" name="TakeAwayAdd100ItemDiscount" time="36.134"/>
  <testcase classname="com.optimus.OptimusMavenProject.TakeAway" name="TakeAwayAdd100OrderDiscount" time="31.642"/>
  <testcase classname="com.optimus.OptimusMavenProject.TakeAway" name="TakeAwayOverwriteItemDiscount" time="46.406"/>
  <testcase classname="com.optimus.OptimusMavenProject.TakeAway" name="TakeAwayAddAutoDiscountOnModifie" time="26.833"/>
  <testcase classname="com.optimus.OptimusMavenProject.TakeAway" name="TakeAwayAddDiscountOnModifier" time="20.247"/>
  <testcase classname="com.optimus.OptimusMavenProject.TakeAway" name="TakeAwayAddBulkItemDiscount" time="31.062"/>
  <testcase classname="com.optimus.OptimusMavenProject.TakeAway" name="TakeAwayRemoveBulkItemDiscount" time="26.640"/>
  <testcase classname="com.optimus.OptimusMavenProject.TakeAway" name="TakeAwayHoldItem" time="26.844"/>
  <testcase classname="com.optimus.OptimusMavenProject.TakeAway" name="TakeAwayFireItem" time="17.355"/>
</testsuite> <!-- com.optimus.OptimusMavenProject.TakeAway -->
